  Checking Build System
  CMake does not need to re-run because C:/Users/volundr/Code/at3/build/CMakeFiles/generate.stamp is up-to-date.
  CMake does not need to re-run because C:/Users/volundr/Code/at3/build/extern/ezecs/CMakeFiles/generate.stamp is up-to-date.
  CMake does not need to re-run because C:/Users/volundr/Code/at3/build/extern/ezecs/source/CMakeFiles/generate.stamp is up-to-date.
  CMake does not need to re-run because C:/Users/volundr/Code/at3/build/extern/armadillo-code/CMakeFiles/generate.stamp is up-to-date.
  CMake does not need to re-run because C:/Users/volundr/Code/at3/build/extern/assimp/CMakeFiles/generate.stamp is up-to-date.
  CMake does not need to re-run because C:/Users/volundr/Code/at3/build/extern/assimp/contrib/zlib/CMakeFiles/generate.stamp is up-to-date.
  CMake does not need to re-run because C:/Users/volundr/Code/at3/build/extern/assimp/code/CMakeFiles/generate.stamp is up-to-date.
  CMake does not need to re-run because C:/Users/volundr/Code/at3/build/extern/glm/CMakeFiles/generate.stamp is up-to-date.
  CMake does not need to re-run because C:/Users/volundr/Code/at3/build/extern/glm/glm/CMakeFiles/generate.stamp is up-to-date.
  CMake does not need to re-run because C:/Users/volundr/Code/at3/build/extern/glm/test/CMakeFiles/generate.stamp is up-to-date.
  CMake does not need to re-run because C:/Users/volundr/Code/at3/build/extern/glm/test/bug/CMakeFiles/generate.stamp is up-to-date.
  CMake does not need to re-run because C:/Users/volundr/Code/at3/build/extern/glm/test/core/CMakeFiles/generate.stamp is up-to-date.
  CMake does not need to re-run because C:/Users/volundr/Code/at3/build/extern/glm/test/gtc/CMakeFiles/generate.stamp is up-to-date.
  CMake does not need to re-run because C:/Users/volundr/Code/at3/build/extern/glm/test/gtx/CMakeFiles/generate.stamp is up-to-date.
  CMake does not need to re-run because C:/Users/volundr/Code/at3/build/extern/bullet3/CMakeFiles/generate.stamp is up-to-date.
  CMake does not need to re-run because C:/Users/volundr/Code/at3/build/extern/bullet3/src/CMakeFiles/generate.stamp is up-to-date.
  CMake does not need to re-run because C:/Users/volundr/Code/at3/build/extern/bullet3/test/CMakeFiles/generate.stamp is up-to-date.
  CMake does not need to re-run because C:/Users/volundr/Code/at3/build/extern/bullet3/src/Bullet3OpenCL/CMakeFiles/generate.stamp is up-to-date.
  CMake does not need to re-run because C:/Users/volundr/Code/at3/build/extern/bullet3/src/Bullet3Serialize/Bullet2FileLoader/CMakeFiles/generate.stamp is up-to-date.
  CMake does not need to re-run because C:/Users/volundr/Code/at3/build/extern/bullet3/src/Bullet3Dynamics/CMakeFiles/generate.stamp is up-to-date.
  CMake does not need to re-run because C:/Users/volundr/Code/at3/build/extern/bullet3/src/Bullet3Collision/CMakeFiles/generate.stamp is up-to-date.
  CMake does not need to re-run because C:/Users/volundr/Code/at3/build/extern/bullet3/src/Bullet3Geometry/CMakeFiles/generate.stamp is up-to-date.
  CMake does not need to re-run because C:/Users/volundr/Code/at3/build/extern/bullet3/src/Bullet3Common/CMakeFiles/generate.stamp is up-to-date.
  CMake does not need to re-run because C:/Users/volundr/Code/at3/build/extern/bullet3/src/BulletInverseDynamics/CMakeFiles/generate.stamp is up-to-date.
  CMake does not need to re-run because C:/Users/volundr/Code/at3/build/extern/bullet3/src/BulletSoftBody/CMakeFiles/generate.stamp is up-to-date.
  CMake does not need to re-run because C:/Users/volundr/Code/at3/build/extern/bullet3/src/BulletCollision/CMakeFiles/generate.stamp is up-to-date.
  CMake does not need to re-run because C:/Users/volundr/Code/at3/build/extern/bullet3/src/BulletDynamics/CMakeFiles/generate.stamp is up-to-date.
  CMake does not need to re-run because C:/Users/volundr/Code/at3/build/extern/bullet3/src/LinearMath/CMakeFiles/generate.stamp is up-to-date.
  CMake does not need to re-run because C:/Users/volundr/Code/at3/build/extern/bullet3/test/InverseDynamics/CMakeFiles/generate.stamp is up-to-date.
  CMake does not need to re-run because C:/Users/volundr/Code/at3/build/extern/bullet3/test/SharedMemory/CMakeFiles/generate.stamp is up-to-date.
  CMake does not need to re-run because C:/Users/volundr/Code/at3/build/extern/bullet3/test/gtest-1.7.0/CMakeFiles/generate.stamp is up-to-date.
  CMake does not need to re-run because C:/Users/volundr/Code/at3/build/extern/bullet3/test/collision/CMakeFiles/generate.stamp is up-to-date.
  CMake does not need to re-run because C:/Users/volundr/Code/at3/build/extern/bullet3/test/BulletDynamics/CMakeFiles/generate.stamp is up-to-date.
  CMake does not need to re-run because C:/Users/volundr/Code/at3/build/extern/bullet3/test/BulletDynamics/pendulum/CMakeFiles/generate.stamp is up-to-date.
  CMake does not need to re-run because C:/Users/volundr/Code/at3/build/extern/libepoxy/CMakeFiles/generate.stamp is up-to-date.
  CMake does not need to re-run because C:/Users/volundr/Code/at3/build/extern/xxd/CMakeFiles/generate.stamp is up-to-date.
  CMake does not need to re-run because C:/Users/volundr/Code/at3/build/extern/CMakeFiles/generate.stamp is up-to-date.
  CMake does not need to re-run because C:/Users/volundr/Code/at3/build/src/CMakeFiles/generate.stamp is up-to-date.
  CMake does not need to re-run because C:/Users/volundr/Code/at3/build/src/common/CMakeFiles/generate.stamp is up-to-date.
  CMake does not need to re-run because C:/Users/volundr/Code/at3/build/src/systems/CMakeFiles/generate.stamp is up-to-date.
